-------------------------------------------------------------------------------
Test set: runner.StartEngineTest
-------------------------------------------------------------------------------
Tests run: 4, Failures: 0, Errors: 4, Skipped: 0, Time elapsed: 1.791 s <<< FAILURE! - in runner.StartEngineTest
Verifying email formats from each comments of user posts(Verify Email formats from comments of each user posts)  Time elapsed: 0.906 s  <<< ERROR!
java.lang.NoClassDefFoundError: Could not initialize class org.codehaus.groovy.reflection.ReflectionCache

Send PUT request and verify response(Verify Email formats from comments of each user posts)  Time elapsed: 0.039 s  <<< ERROR!
java.lang.NoClassDefFoundError: Could not initialize class io.restassured.RestAssured

Send POST request and verify response(Verify Email formats from comments of each user posts)  Time elapsed: 0.041 s  <<< ERROR!
java.lang.NoClassDefFoundError: Could not initialize class io.restassured.RestAssured

Send PUT request and verify response as Internal Server Error(Verify Email formats from comments of each user posts)  Time elapsed: 0.018 s  <<< ERROR!
java.lang.NoClassDefFoundError: Could not initialize class io.restassured.RestAssured

