<?xml version="1.0" encoding="UTF-8"?>
<testsuite xmlns:xsi="http://www.w3.org/2001/XMLSchema-instance" xsi:noNamespaceSchemaLocation="https://maven.apache.org/surefire/maven-surefire-plugin/xsd/surefire-test-report.xsd" name="runner.StartEngineTest" time="2.243" tests="4" errors="4" skipped="0" failures="0">
  <properties>
[...]
</properties>
  <testcase name="Verifying email formats from each comments of user posts" classname="Verify Email formats from comments of each user posts" time="0.623">
    <error message="Could not initialize class org.codehaus.groovy.reflection.ReflectionCache" type="java.lang.NoClassDefFoundError">java.lang.NoClassDefFoundError: Could not initialize class org.codehaus.groovy.reflection.ReflectionCache
</error>
    <system-out><![CDATA[
@requirements
Scenario: Verifying email formats from each comments of user posts # src/resources/features/UserBlogs.feature:6
      java.lang.NoClassDefFoundError: Could not initialize class org.codehaus.groovy.reflection.ReflectionCache
	at org.codehaus.groovy.runtime.dgmimpl.NumberNumberMetaMethod.<clinit>(NumberNumberMetaMethod.java:33)
	at java.base/jdk.internal.reflect.NativeConstructorAccessorImpl.newInstance0(Native Method)
	at java.base/jdk.internal.reflect.NativeConstructorAccessorImpl.newInstance(NativeConstructorAccessorImpl.java:62)
	at java.base/jdk.internal.reflect.DelegatingConstructorAccessorImpl.newInstance(DelegatingConstructorAccessorImpl.java:45)
	at java.base/java.lang.reflect.Constructor.newInstanceWithCaller(Constructor.java:500)
	at java.base/java.lang.reflect.Constructor.newInstance(Constructor.java:481)
	at org.codehaus.groovy.runtime.metaclass.MetaClassRegistryImpl.createMetaMethodFromClass(MetaClassRegistryImpl.java:258)
	at org.codehaus.groovy.runtime.metaclass.MetaClassRegistryImpl.<init>(MetaClassRegistryImpl.java:111)
	at org.codehaus.groovy.runtime.metaclass.MetaClassRegistryImpl.<init>(MetaClassRegistryImpl.java:86)
	at groovy.lang.GroovySystem.<clinit>(GroovySystem.java:36)
	at org.codehaus.groovy.runtime.InvokerHelper.<clinit>(InvokerHelper.java:86)
	at org.codehaus.groovy.runtime.ScriptBytecodeAdapter.createMap(ScriptBytecodeAdapter.java:635)
	at io.restassured.internal.ResponseParserRegistrar.<init>(ResponseParserRegistrar.groovy)
	at io.restassured.RestAssured.<clinit>(RestAssured.java:347)
	at stepDefinitions.Hooks.setUp(Hooks.java:12)

  Given I send a GET request for list of users                     # stepDefinitions.Users.iSendAGETRequestForListOfUsers()
  When I search user as "Delphine"                                 # stepDefinitions.Users.iSearchUserAs(java.lang.String)
  Then The response status should be 200 OK                        # stepDefinitions.Users.theResponseStatusShouldBeOK()
  And The response should contain below details                    # stepDefinitions.Users.theResponseShouldContainBelowDetails(java.util.Map<java.lang.String, java.lang.String>)
  Then I send a GET request for user posts                         # stepDefinitions.UsersPosts.iSearchForPostsFromUser()
  Then The response status should be 200 OK                        # stepDefinitions.Users.theResponseStatusShouldBeOK()
  And The response should fetch all the posts from the user        # stepDefinitions.UsersPosts.theResponseShouldHaveBelowFields()
  Then I send GET request from each post to verify email formats   # stepDefinitions.UsersComments.iFetchCommentsFromEachPostToVerifyEmailFormats()
]]></system-out>
    <system-err><![CDATA[Aug 10, 2020 3:24:05 AM io.cucumber.junit.Cucumber <init>
WARNING: By default Cucumber is running in --non-strict mode.
This default will change to --strict and --non-strict will be removed.
You can use --strict or @CucumberOptions(strict = true) to suppress this warning
java.lang.NoClassDefFoundError: Could not initialize class org.codehaus.groovy.vmplugin.v7.Java7
	at org.codehaus.groovy.vmplugin.VMPluginFactory.<clinit>(VMPluginFactory.java:43)
	at org.codehaus.groovy.reflection.GroovyClassValueFactory.<clinit>(GroovyClassValueFactory.java:35)
	at org.codehaus.groovy.reflection.ClassInfo.<clinit>(ClassInfo.java:107)
	at org.codehaus.groovy.reflection.ReflectionCache.getCachedClass(ReflectionCache.java:95)
	at org.codehaus.groovy.reflection.ReflectionCache.<clinit>(ReflectionCache.java:39)
	at org.codehaus.groovy.runtime.metaclass.MetaClassRegistryImpl.registerMethods(MetaClassRegistryImpl.java:210)
	at org.codehaus.groovy.runtime.metaclass.MetaClassRegistryImpl.<init>(MetaClassRegistryImpl.java:108)
	at org.codehaus.groovy.runtime.metaclass.MetaClassRegistryImpl.<init>(MetaClassRegistryImpl.java:86)
	at groovy.lang.GroovySystem.<clinit>(GroovySystem.java:36)
	at org.codehaus.groovy.runtime.InvokerHelper.<clinit>(InvokerHelper.java:86)
	at org.codehaus.groovy.runtime.ScriptBytecodeAdapter.createMap(ScriptBytecodeAdapter.java:635)
	at io.restassured.internal.ResponseParserRegistrar.<init>(ResponseParserRegistrar.groovy)
	at io.restassured.RestAssured.<clinit>(RestAssured.java:347)
	at stepDefinitions.Hooks.setUp(Hooks.java:12)
	at java.base/jdk.internal.reflect.NativeMethodAccessorImpl.invoke0(Native Method)
	at java.base/jdk.internal.reflect.NativeMethodAccessorImpl.invoke(NativeMethodAccessorImpl.java:62)
	at java.base/jdk.internal.reflect.DelegatingMethodAccessorImpl.invoke(DelegatingMethodAccessorImpl.java:43)
	at java.base/java.lang.reflect.Method.invoke(Method.java:564)
	at io.cucumber.java.Invoker.invoke(Invoker.java:27)
	at io.cucumber.java.JavaHookDefinition.execute(JavaHookDefinition.java:61)
	at io.cucumber.core.runner.CoreHookDefinition.execute(CoreHookDefinition.java:31)
	at io.cucumber.core.runner.HookDefinitionMatch.runStep(HookDefinitionMatch.java:20)
	at io.cucumber.core.runner.TestStep.executeStep(TestStep.java:64)
	at io.cucumber.core.runner.TestStep.run(TestStep.java:49)
	at io.cucumber.core.runner.TestCase.run(TestCase.java:47)
	at io.cucumber.core.runner.Runner.runPickle(Runner.java:66)
	at io.cucumber.junit.PickleRunners$NoStepDescriptions.run(PickleRunners.java:149)
	at io.cucumber.junit.FeatureRunner.runChild(FeatureRunner.java:83)
	at io.cucumber.junit.FeatureRunner.runChild(FeatureRunner.java:24)
	at org.junit.runners.ParentRunner$4.run(ParentRunner.java:331)
	at org.junit.runners.ParentRunner$1.schedule(ParentRunner.java:79)
	at org.junit.runners.ParentRunner.runChildren(ParentRunner.java:329)
	at org.junit.runners.ParentRunner.access$100(ParentRunner.java:66)
	at org.junit.runners.ParentRunner$2.evaluate(ParentRunner.java:293)
	at org.junit.runners.ParentRunner$3.evaluate(ParentRunner.java:306)
	at org.junit.runners.ParentRunner.run(ParentRunner.java:413)
	at io.cucumber.junit.Cucumber.runChild(Cucumber.java:185)
	at io.cucumber.junit.Cucumber.runChild(Cucumber.java:83)
	at org.junit.runners.ParentRunner$4.run(ParentRunner.java:331)
	at org.junit.runners.ParentRunner$1.schedule(ParentRunner.java:79)
	at org.junit.runners.ParentRunner.runChildren(ParentRunner.java:329)
	at org.junit.runners.ParentRunner.access$100(ParentRunner.java:66)
	at org.junit.runners.ParentRunner$2.evaluate(ParentRunner.java:293)
	at io.cucumber.junit.Cucumber$RunCucumber.evaluate(Cucumber.java:219)
	at org.junit.runners.ParentRunner$3.evaluate(ParentRunner.java:306)
	at org.junit.runners.ParentRunner.run(ParentRunner.java:413)
	at org.apache.maven.surefire.junit4.JUnit4Provider.execute(JUnit4Provider.java:365)
	at org.apache.maven.surefire.junit4.JUnit4Provider.executeWithRerun(JUnit4Provider.java:273)
	at org.apache.maven.surefire.junit4.JUnit4Provider.executeTestSet(JUnit4Provider.java:238)
	at org.apache.maven.surefire.junit4.JUnit4Provider.invoke(JUnit4Provider.java:159)
	at org.apache.maven.surefire.booter.ForkedBooter.invokeProviderInSameClassLoader(ForkedBooter.java:384)
	at org.apache.maven.surefire.booter.ForkedBooter.runSuitesInProcess(ForkedBooter.java:345)
	at org.apache.maven.surefire.booter.ForkedBooter.execute(ForkedBooter.java:126)
	at org.apache.maven.surefire.booter.ForkedBooter.main(ForkedBooter.java:418)
]]></system-err>
  </testcase>
  <testcase name="Send PUT request and verify response" classname="Verify Email formats from comments of each user posts" time="0.187">
    <error message="Could not initialize class io.restassured.RestAssured" type="java.lang.NoClassDefFoundError">java.lang.NoClassDefFoundError: Could not initialize class io.restassured.RestAssured
</error>
    <system-out><![CDATA[
@PUT
Scenario: Send PUT request and verify response         # src/resources/features/UserBlogs.feature:21
      java.lang.NoClassDefFoundError: Could not initialize class io.restassured.RestAssured
	at stepDefinitions.Hooks.setUp(Hooks.java:12)

  When I send a PUT request for "valid" user post "81" # stepDefinitions.UsersPosts.iSendAPUTRequestForPostId(java.lang.String,java.lang.String,java.util.Map<java.lang.String, java.lang.String>)
  Then The response status should be 200 OK            # stepDefinitions.Users.theResponseStatusShouldBeOK()
  And The response of posts values should be updated   # stepDefinitions.UsersPosts.theResponseOfPostsValuesShouldBeUpdated(java.util.Map<java.lang.String, java.lang.String>)
]]></system-out>
  </testcase>
  <testcase name="Send POST request and verify response" classname="Verify Email formats from comments of each user posts" time="0.061">
    <error message="Could not initialize class io.restassured.RestAssured" type="java.lang.NoClassDefFoundError">java.lang.NoClassDefFoundError: Could not initialize class io.restassured.RestAssured
</error>
    <system-out><![CDATA[
@Not_Found
Scenario: Send POST request and verify response    # src/resources/features/UserBlogs.feature:35
      java.lang.NoClassDefFoundError: Could not initialize class io.restassured.RestAssured
	at stepDefinitions.Hooks.setUp(Hooks.java:12)

  When I send a POST request for post "113"        # stepDefinitions.UsersPosts.iSendAPOSTRequestForPost(java.lang.String,java.util.Map<java.lang.String, java.lang.String>)
  Then The response status should be 404 NOT_FOUND # stepDefinitions.Users.theResponseStatusShouldBeUnAuthorized()
]]></system-out>
  </testcase>
  <testcase name="Send PUT request and verify response as Internal Server Error" classname="Verify Email formats from comments of each user posts" time="0.024">
    <error message="Could not initialize class io.restassured.RestAssured" type="java.lang.NoClassDefFoundError">java.lang.NoClassDefFoundError: Could not initialize class io.restassured.RestAssured
</error>
    <system-out><![CDATA[
@INTERNAL
Scenario: Send PUT request and verify response as Internal Server Error # src/resources/features/UserBlogs.feature:44
      java.lang.NoClassDefFoundError: Could not initialize class io.restassured.RestAssured
	at stepDefinitions.Hooks.setUp(Hooks.java:12)

  When I send a PUT request for "InValid" user post "110"               # stepDefinitions.UsersPosts.iSendAPUTRequestForPostId(java.lang.String,java.lang.String,java.util.Map<java.lang.String, java.lang.String>)
  Then The response status should be 500 INTERNAL SERVER ERROR          # stepDefinitions.Users.theResponseStatusShouldBeInternalServerError()
]]></system-out>
  </testcase>
</testsuite>