<?xml version="1.0" encoding="UTF-8"?>
<testsuite xmlns:xsi="http://www.w3.org/2001/XMLSchema-instance" xsi:noNamespaceSchemaLocation="https://maven.apache.org/surefire/maven-surefire-plugin/xsd/surefire-test-report.xsd" name="runner.StartEngineTest" time="12.485" tests="4" errors="0" skipped="0" failures="0">
  <properties>
[...]
</properties>
  <testcase name="Verifying email formats from each comments of user posts" classname="Verify Email formats from comments of each user posts" time="9.966"/>
  <testcase name="Send PUT request and verify response" classname="Verify Email formats from comments of each user posts" time="0.697"/>
  <testcase name="Send POST request and verify response" classname="Verify Email formats from comments of each user posts" time="0.534"/>
  <testcase name="Send PUT request and verify response as Internal Server Error" classname="Verify Email formats from comments of each user posts" time="0.517"/>
</testsuite>